1546788206878:help
1546788212899:count-authors
1546792636754:help
1546792641755:count-authors
1546793381773:help
1546793387272:count-authors
1546793597964:stacktrace
1546793643994:help
1546793651165:count-authors
1546796291800:halp
1546796295734:help
1546796301854:get-all-library
1546796312782:stacktrace
1546796466023:help
1546796472486:get-all-library
1546796589717:count-authors-books
1546796628790:help
1546796634615:get-all-library
1546797531936:рудз
1546797535764:help
1546797540906:get-all-library
1546873205340:help
1546873211630:get-all-library
1546873889684:help
1546873896267:get-all-library
1546875545690:help
1546876297995:get-all-authors-by-name И
1546876317643:get-all-authors-by-name
1546876325971:get-all-authors-by-name Р
1546876433670:get-all-authors-by-name И
1546876448362:get-all-authors-by-name О
1546876501254:get-all-authors-by-name П
1546876560254:get-all-authors-by-name И
1546876844713:help
1546876853236:get-all-authors-by-name И
1546876868179:stacktrace
1546877961127:help
1546877967929:get-all-authors-by-name
1546877973101:get-all-authors-by-name И
1546878347882:help
1546878355812:get-all-authors-by-name B
1546878360260:get-all-authors-by-name И
1546878472190:get-all-authors-by-name B
1546878611278:get-all-authors-by-name И
1546878644423:get-all-authors-by-name ШЕКЛИ
1546878664420:stacktrace
1546878706550:get-all-authors-by-name ШЕКЛИ
1546880467948:help
1546880473482:get-all-authors-by-name
1546880478241:get-all-authors-by-name И
1546880549500:рудз
1546880553090:help
1546880570323:add-author T test
1546880774765:get-all-authors-by-name T
1546881226805:help
1546881236683:add-author RR rr
1546929081847:help
1546929089054:count-authors-books
1546929099287:delete-author
1546929106965:get-all-authors-by-name
1546929126603:get-all-library
1546931616177:help
1546931631087:add-author TTT tt
1546931646775:add-book TTT 60
1546931657111:add-genre TTT
1546931713846:add-author-for-book 20 20
1546931749383:delete-book 20
1546931781134:add-genre-for-book 1 3
1546931966743:add_author TTT tt
1546931979023:add-author TTT tt
1546932538063:help
1546932543197:get-all-library
1546933593039:help
1546933598882:get-all-books
1546933606589:get-books-count-by-authors
1546933644171:add-author TTT tt
1546933653558:add-book TTT 60
1546933663879:add-genre YYY
1546933670302:help
1546933676649:get-all-books
1546933755032:help
1546933763255:add-book TTT 60
1546933772668:get-all-books
1546933986063:help
1546933991583:get-books-count-by-authors
1546934190237:help
1546934196123:get-all-books
1546939098701:help
1546939103741:get-all-books
